0 info it worked if it ends with ok
1 verbose cli [ 'D:\\Program Files\\nodejs\\node.exe',
1 verbose cli   'D:\\Program Files\\nodejs\\node_modules\\npm\\bin\\npm-cli.js',
1 verbose cli   'start' ]
2 info using npm@4.1.2
3 info using node@v7.7.4
4 verbose run-script [ 'prestart', 'start', 'poststart' ]
5 info lifecycle giphy-example-slash-command@0.0.1~prestart: giphy-example-slash-command@0.0.1
6 silly lifecycle giphy-example-slash-command@0.0.1~prestart: no script for prestart, continuing
7 info lifecycle giphy-example-slash-command@0.0.1~start: giphy-example-slash-command@0.0.1
8 verbose lifecycle giphy-example-slash-command@0.0.1~start: unsafe-perm in lifecycle true
9 verbose lifecycle giphy-example-slash-command@0.0.1~start: PATH: D:\Program Files\nodejs\node_modules\npm\bin\node-gyp-bin;D:\Downloads\makeCallMixMax\makeCallMixMax\node_modules\.bin;C:\ProgramData\Oracle\Java\javapath;C:\Program Files\Broadcom\Broadcom 802.11 Network Adapter;C:\Program Files (x86)\Intel\iCLS Client\;C:\Program Files\Intel\iCLS Client\;C:\windows\system32;C:\windows;C:\windows\System32\Wbem;C:\windows\System32\WindowsPowerShell\v1.0\;C:\Program Files (x86)\Intel\Intel(R) Management Engine Components\DAL;C:\Program Files\Intel\Intel(R) Management Engine Components\DAL;C:\Program Files (x86)\Intel\Intel(R) Management Engine Components\IPT;C:\Program Files\Intel\Intel(R) Management Engine Components\IPT;C:\Program Files (x86)\NVIDIA Corporation\PhysX\Common;C:\windows\system32;C:\windows;C:\windows\System32\Wbem;C:\windows\System32\WindowsPowerShell\v1.0\;C:\Program Files (x86)\Skype\Phone\;C:\Program Files\Intel\IntelSGXPSW\bin\x64\Release\;C:\Program Files\Intel\IntelSGXPSW\bin\win32\Release\;C:\Program Files (x86)\QuickTime\QTSystem\;C:\Program Files\Hewlett-Packard\SimplePass\;D:\Program Files\OpenVPN\bin;C:\Program Files (x86)\OpenVPN\bin;D:\Program Files (x86)\Brackets\command;C:\Program Files (x86)\Calibre2\;D:\Program Files\nodejs\;C:\Users\Amuly\AppData\Local\atom\bin;D:\Program Files (x86)\Microsoft VS Code\bin;C:\Users\Amuly\AppData\Roaming\npm
10 verbose lifecycle giphy-example-slash-command@0.0.1~start: CWD: D:\Downloads\makeCallMixMax\makeCallMixMax
11 silly lifecycle giphy-example-slash-command@0.0.1~start: Args: [ '/d /s /c', 'nodemon server.js' ]
12 verbose stack Error: kill ENOSYS
12 verbose stack     at exports._errnoException (util.js:1034:11)
12 verbose stack     at process.kill (internal/process.js:188:13)
12 verbose stack     at process.listener (D:\Program Files\nodejs\node_modules\npm\node_modules\npmlog\node_modules\gauge\node_modules\signal-exit\index.js:95:15)
12 verbose stack     at emitNone (events.js:86:13)
12 verbose stack     at process.emit (events.js:188:7)
12 verbose stack     at processEmit (D:\Program Files\nodejs\node_modules\npm\node_modules\npmlog\node_modules\gauge\node_modules\signal-exit\index.js:155:32)
12 verbose stack     at Signal.wrap.onsignal (internal/process.js:215:44)
13 verbose cwd D:\Downloads\makeCallMixMax\makeCallMixMax
14 error Windows_NT 10.0.10586
15 error argv "D:\\Program Files\\nodejs\\node.exe" "D:\\Program Files\\nodejs\\node_modules\\npm\\bin\\npm-cli.js" "start"
16 error node v7.7.4
17 error npm  v4.1.2
18 error code ENOSYS
19 error errno ENOSYS
20 error syscall kill
21 error kill ENOSYS
22 error If you need help, you may report this error at:
22 error     <https://github.com/npm/npm/issues>
23 verbose exit [ 1, true ]
